running egg_info
writing ../../build/cpu_scheduler/cpu_scheduler.egg-info/PKG-INFO
writing dependency_links to ../../build/cpu_scheduler/cpu_scheduler.egg-info/dependency_links.txt
writing entry points to ../../build/cpu_scheduler/cpu_scheduler.egg-info/entry_points.txt
writing requirements to ../../build/cpu_scheduler/cpu_scheduler.egg-info/requires.txt
writing top-level names to ../../build/cpu_scheduler/cpu_scheduler.egg-info/top_level.txt
reading manifest file '../../build/cpu_scheduler/cpu_scheduler.egg-info/SOURCES.txt'
writing manifest file '../../build/cpu_scheduler/cpu_scheduler.egg-info/SOURCES.txt'
running build
running build_py
running install
running install_lib
running install_data
running install_egg_info
removing '/home/az/Desktop/ros2_ws/install/cpu_scheduler/lib/python3.12/site-packages/cpu_scheduler-0.1.0-py3.12.egg-info' (and everything under it)
Copying ../../build/cpu_scheduler/cpu_scheduler.egg-info to /home/az/Desktop/ros2_ws/install/cpu_scheduler/lib/python3.12/site-packages/cpu_scheduler-0.1.0-py3.12.egg-info
running install_scripts
Installing FCFS script to /home/az/Desktop/ros2_ws/install/cpu_scheduler/lib/cpu_scheduler
Installing Priority_Scheduling script to /home/az/Desktop/ros2_ws/install/cpu_scheduler/lib/cpu_scheduler
Installing process_node script to /home/az/Desktop/ros2_ws/install/cpu_scheduler/lib/cpu_scheduler
Installing process_table_printer script to /home/az/Desktop/ros2_ws/install/cpu_scheduler/lib/cpu_scheduler
Installing round_robin script to /home/az/Desktop/ros2_ws/install/cpu_scheduler/lib/cpu_scheduler
Installing terminal_monitor script to /home/az/Desktop/ros2_ws/install/cpu_scheduler/lib/cpu_scheduler
Installing visualization_node script to /home/az/Desktop/ros2_ws/install/cpu_scheduler/lib/cpu_scheduler
writing list of installed files to '/home/az/Desktop/ros2_ws/build/cpu_scheduler/install.log'
