/home/az/Desktop/ros2_ws/install/cpu_scheduler/lib/python3.12/site-packages/cpu_scheduler/process_node.py
/home/az/Desktop/ros2_ws/install/cpu_scheduler/lib/python3.12/site-packages/cpu_scheduler/terminal_monitor.py
/home/az/Desktop/ros2_ws/install/cpu_scheduler/lib/python3.12/site-packages/cpu_scheduler/__init__.py
/home/az/Desktop/ros2_ws/install/cpu_scheduler/lib/python3.12/site-packages/cpu_scheduler/visualization_node.py
/home/az/Desktop/ros2_ws/install/cpu_scheduler/lib/python3.12/site-packages/cpu_scheduler/process_table_printer.py
/home/az/Desktop/ros2_ws/install/cpu_scheduler/lib/python3.12/site-packages/cpu_scheduler/round_robin.py
/home/az/Desktop/ros2_ws/install/cpu_scheduler/lib/python3.12/site-packages/cpu_scheduler/priority.py
/home/az/Desktop/ros2_ws/install/cpu_scheduler/lib/python3.12/site-packages/cpu_scheduler/FCFS.py
/home/az/Desktop/ros2_ws/install/cpu_scheduler/lib/python3.12/site-packages/cpu_scheduler/__pycache__/process_node.cpython-312.pyc
/home/az/Desktop/ros2_ws/install/cpu_scheduler/lib/python3.12/site-packages/cpu_scheduler/__pycache__/terminal_monitor.cpython-312.pyc
/home/az/Desktop/ros2_ws/install/cpu_scheduler/lib/python3.12/site-packages/cpu_scheduler/__pycache__/__init__.cpython-312.pyc
/home/az/Desktop/ros2_ws/install/cpu_scheduler/lib/python3.12/site-packages/cpu_scheduler/__pycache__/visualization_node.cpython-312.pyc
/home/az/Desktop/ros2_ws/install/cpu_scheduler/lib/python3.12/site-packages/cpu_scheduler/__pycache__/process_table_printer.cpython-312.pyc
/home/az/Desktop/ros2_ws/install/cpu_scheduler/lib/python3.12/site-packages/cpu_scheduler/__pycache__/round_robin.cpython-312.pyc
/home/az/Desktop/ros2_ws/install/cpu_scheduler/lib/python3.12/site-packages/cpu_scheduler/__pycache__/priority.cpython-312.pyc
/home/az/Desktop/ros2_ws/install/cpu_scheduler/lib/python3.12/site-packages/cpu_scheduler/__pycache__/FCFS.cpython-312.pyc
/home/az/Desktop/ros2_ws/install/cpu_scheduler/share/ament_index/resource_index/packages/cpu_scheduler
/home/az/Desktop/ros2_ws/install/cpu_scheduler/share/cpu_scheduler/package.xml
/home/az/Desktop/ros2_ws/install/cpu_scheduler/share/cpu_scheduler/launch/scheduler.launch.py
/home/az/Desktop/ros2_ws/install/cpu_scheduler/lib/python3.12/site-packages/cpu_scheduler-0.1.0-py3.12.egg-info/zip-safe
/home/az/Desktop/ros2_ws/install/cpu_scheduler/lib/python3.12/site-packages/cpu_scheduler-0.1.0-py3.12.egg-info/requires.txt
/home/az/Desktop/ros2_ws/install/cpu_scheduler/lib/python3.12/site-packages/cpu_scheduler-0.1.0-py3.12.egg-info/dependency_links.txt
/home/az/Desktop/ros2_ws/install/cpu_scheduler/lib/python3.12/site-packages/cpu_scheduler-0.1.0-py3.12.egg-info/PKG-INFO
/home/az/Desktop/ros2_ws/install/cpu_scheduler/lib/python3.12/site-packages/cpu_scheduler-0.1.0-py3.12.egg-info/SOURCES.txt
/home/az/Desktop/ros2_ws/install/cpu_scheduler/lib/python3.12/site-packages/cpu_scheduler-0.1.0-py3.12.egg-info/entry_points.txt
/home/az/Desktop/ros2_ws/install/cpu_scheduler/lib/python3.12/site-packages/cpu_scheduler-0.1.0-py3.12.egg-info/top_level.txt
/home/az/Desktop/ros2_ws/install/cpu_scheduler/lib/cpu_scheduler/FCFS
/home/az/Desktop/ros2_ws/install/cpu_scheduler/lib/cpu_scheduler/Priority_Scheduling
/home/az/Desktop/ros2_ws/install/cpu_scheduler/lib/cpu_scheduler/process_node
/home/az/Desktop/ros2_ws/install/cpu_scheduler/lib/cpu_scheduler/process_table_printer
/home/az/Desktop/ros2_ws/install/cpu_scheduler/lib/cpu_scheduler/round_robin
/home/az/Desktop/ros2_ws/install/cpu_scheduler/lib/cpu_scheduler/terminal_monitor
/home/az/Desktop/ros2_ws/install/cpu_scheduler/lib/cpu_scheduler/visualization_node
